{"E:\\self\\tool-CommandComponent\\src\\createCommandDialog.ts": {"path":"E:\\self\\tool-CommandComponent\\src\\createCommandDialog.ts","statementMap":{"0":{"start":{"line":41,"column":16},"end":{"line":41,"column":17}},"1":{"start":{"line":44,"column":4},"end":{"line":44,"column":19}},"2":{"start":{"line":45,"column":4},"end":{"line":45,"column":29}},"3":{"start":{"line":46,"column":4},"end":{"line":46,"column":26}},"4":{"start":{"line":51,"column":4},"end":{"line":66,"column":7}},"5":{"start":{"line":56,"column":41},"end":{"line":56,"column":69}},"6":{"start":{"line":60,"column":10},"end":{"line":60,"column":76}},"7":{"start":{"line":63,"column":10},"end":{"line":63,"column":44}},"8":{"start":{"line":67,"column":4},"end":{"line":67,"column":63}},"9":{"start":{"line":72,"column":4},"end":{"line":72,"column":25}},"10":{"start":{"line":74,"column":4},"end":{"line":77,"column":7}},"11":{"start":{"line":75,"column":6},"end":{"line":75,"column":93}},"12":{"start":{"line":75,"column":77},"end":{"line":75,"column":91}},"13":{"start":{"line":76,"column":6},"end":{"line":76,"column":56}},"14":{"start":{"line":84,"column":4},"end":{"line":86,"column":null}},"15":{"start":{"line":85,"column":6},"end":{"line":85,"column":34}},"16":{"start":{"line":88,"column":30},"end":{"line":88,"column":56}},"17":{"start":{"line":90,"column":20},"end":{"line":99,"column":5}},"18":{"start":{"line":91,"column":6},"end":{"line":91,"column":52}},"19":{"start":{"line":92,"column":6},"end":{"line":98,"column":null}},"20":{"start":{"line":93,"column":8},"end":{"line":93,"column":42}},"21":{"start":{"line":94,"column":8},"end":{"line":94,"column":29}},"22":{"start":{"line":95,"column":8},"end":{"line":95,"column":42}},"23":{"start":{"line":96,"column":8},"end":{"line":96,"column":24}},"24":{"start":{"line":97,"column":8},"end":{"line":97,"column":18}},"25":{"start":{"line":102,"column":25},"end":{"line":139,"column":5}},"26":{"start":{"line":103,"column":6},"end":{"line":123,"column":null}},"27":{"start":{"line":104,"column":8},"end":{"line":112,"column":11}},"28":{"start":{"line":113,"column":8},"end":{"line":113,"column":31}},"29":{"start":{"line":114,"column":17},"end":{"line":114,"column":23}},"30":{"start":{"line":115,"column":8},"end":{"line":115,"column":38}},"31":{"start":{"line":117,"column":8},"end":{"line":117,"column":75}},"32":{"start":{"line":120,"column":8},"end":{"line":122,"column":null}},"33":{"start":{"line":121,"column":10},"end":{"line":121,"column":65}},"34":{"start":{"line":125,"column":6},"end":{"line":133,"column":9}},"35":{"start":{"line":126,"column":8},"end":{"line":132,"column":null}},"36":{"start":{"line":127,"column":10},"end":{"line":127,"column":32}},"37":{"start":{"line":128,"column":15},"end":{"line":132,"column":null}},"38":{"start":{"line":129,"column":10},"end":{"line":129,"column":50}},"39":{"start":{"line":131,"column":10},"end":{"line":131,"column":37}},"40":{"start":{"line":135,"column":6},"end":{"line":138,"column":8}},"41":{"start":{"line":141,"column":4},"end":{"line":141,"column":24}},"42":{"start":{"line":37,"column":0},"end":{"line":37,"column":13}}},"fnMap":{"0":{"name":"(anonymous_0)","decl":{"start":{"line":43,"column":2},"end":{"line":43,"column":14}},"loc":{"start":{"line":43,"column":74},"end":{"line":47,"column":3}}},"1":{"name":"(anonymous_1)","decl":{"start":{"line":50,"column":2},"end":{"line":50,"column":11}},"loc":{"start":{"line":50,"column":27},"end":{"line":68,"column":3}}},"2":{"name":"(anonymous_2)","decl":{"start":{"line":56,"column":30},"end":{"line":56,"column":31}},"loc":{"start":{"line":56,"column":41},"end":{"line":56,"column":69}}},"3":{"name":"(anonymous_3)","decl":{"start":{"line":59,"column":31},"end":{"line":59,"column":32}},"loc":{"start":{"line":59,"column":61},"end":{"line":61,"column":9}}},"4":{"name":"(anonymous_4)","decl":{"start":{"line":62,"column":8},"end":{"line":62,"column":35}},"loc":{"start":{"line":62,"column":41},"end":{"line":64,"column":9}}},"5":{"name":"(anonymous_5)","decl":{"start":{"line":71,"column":2},"end":{"line":71,"column":13}},"loc":{"start":{"line":71,"column":31},"end":{"line":78,"column":3}}},"6":{"name":"(anonymous_6)","decl":{"start":{"line":74,"column":21},"end":{"line":74,"column":24}},"loc":{"start":{"line":74,"column":26},"end":{"line":77,"column":5}}},"7":{"name":"(anonymous_7)","decl":{"start":{"line":75,"column":69},"end":{"line":75,"column":73}},"loc":{"start":{"line":75,"column":77},"end":{"line":75,"column":91}}},"8":{"name":"(anonymous_8)","decl":{"start":{"line":80,"column":2},"end":{"line":80,"column":21}},"loc":{"start":{"line":80,"column":69},"end":{"line":142,"column":3}}},"9":{"name":"(anonymous_9)","decl":{"start":{"line":90,"column":20},"end":{"line":90,"column":23}},"loc":{"start":{"line":90,"column":25},"end":{"line":99,"column":5}}},"10":{"name":"(anonymous_10)","decl":{"start":{"line":102,"column":25},"end":{"line":102,"column":26}},"loc":{"start":{"line":102,"column":55},"end":{"line":139,"column":5}}},"11":{"name":"(anonymous_11)","decl":{"start":{"line":125,"column":20},"end":{"line":125,"column":23}},"loc":{"start":{"line":125,"column":25},"end":{"line":133,"column":7}}}},"branchMap":{"0":{"loc":{"start":{"line":84,"column":4},"end":{"line":86,"column":null}},"type":"if","locations":[{"start":{"line":84,"column":4},"end":{"line":86,"column":null}}]},"1":{"loc":{"start":{"line":92,"column":6},"end":{"line":98,"column":null}},"type":"if","locations":[{"start":{"line":92,"column":6},"end":{"line":98,"column":null}}]},"2":{"loc":{"start":{"line":92,"column":10},"end":{"line":92,"column":24}},"type":"binary-expr","locations":[{"start":{"line":92,"column":10},"end":{"line":92,"column":12}},{"start":{"line":92,"column":16},"end":{"line":92,"column":24}}]},"3":{"loc":{"start":{"line":103,"column":6},"end":{"line":123,"column":null}},"type":"if","locations":[{"start":{"line":103,"column":6},"end":{"line":123,"column":null}},{"start":{"line":118,"column":13},"end":{"line":123,"column":null}}]},"4":{"loc":{"start":{"line":126,"column":8},"end":{"line":132,"column":null}},"type":"if","locations":[{"start":{"line":126,"column":8},"end":{"line":132,"column":null}},{"start":{"line":128,"column":15},"end":{"line":132,"column":null}}]},"5":{"loc":{"start":{"line":126,"column":12},"end":{"line":126,"column":36}},"type":"binary-expr","locations":[{"start":{"line":126,"column":12},"end":{"line":126,"column":24}},{"start":{"line":126,"column":28},"end":{"line":126,"column":36}}]},"6":{"loc":{"start":{"line":128,"column":15},"end":{"line":132,"column":null}},"type":"if","locations":[{"start":{"line":128,"column":15},"end":{"line":132,"column":null}},{"start":{"line":130,"column":15},"end":{"line":132,"column":null}}]},"7":{"loc":{"start":{"line":128,"column":19},"end":{"line":128,"column":44}},"type":"binary-expr","locations":[{"start":{"line":128,"column":19},"end":{"line":128,"column":27}},{"start":{"line":128,"column":31},"end":{"line":128,"column":44}}]}},"s":{"0":1,"1":1,"2":1,"3":1,"4":1,"5":0,"6":0,"7":0,"8":1,"9":1,"10":1,"11":0,"12":0,"13":0,"14":0,"15":0,"16":0,"17":0,"18":0,"19":0,"20":0,"21":0,"22":0,"23":0,"24":0,"25":0,"26":0,"27":0,"28":0,"29":0,"30":0,"31":0,"32":0,"33":0,"34":0,"35":0,"36":0,"37":0,"38":0,"39":0,"40":0,"41":0,"42":1},"f":{"0":1,"1":1,"2":0,"3":0,"4":0,"5":1,"6":0,"7":0,"8":0,"9":0,"10":0,"11":0},"b":{"0":[0],"1":[0],"2":[0,0],"3":[0,0],"4":[0,0],"5":[0,0],"6":[0,0],"7":[0,0]}}
}
